AutoDock Vina v1.2.7
#################################################################
# If you used AutoDock Vina in your work, please cite:          #
#                                                               #
# J. Eberhardt, D. Santos-Martins, A. F. Tillack, and S. Forli  #
# AutoDock Vina 1.2.0: New Docking Methods, Expanded Force      #
# Field, and Python Bindings, J. Chem. Inf. Model. (2021)       #
# DOI 10.1021/acs.jcim.1c00203                                  #
#                                                               #
# O. Trott, A. J. Olson,                                        #
# AutoDock Vina: improving the speed and accuracy of docking    #
# with a new scoring function, efficient optimization and       #
# multithreading, J. Comp. Chem. (2010)                         #
# DOI 10.1002/jcc.21334                                         #
#                                                               #
# Please see https://github.com/ccsb-scripps/AutoDock-Vina for  #
# more information.                                             #
#################################################################

Scoring function : vina
Rigid receptor: receptors/9CRV_receptor.pdbqt
Ligand: ligands_pdbqt/F3_CHEMBL281992.pdbqt
Grid center: X 100.672 Y 122.104 Z 144.339
Grid size  : X 25 Y 25 Z 25
Grid space : 0.375
Exhaustiveness: 16
CPU: 0
Verbosity: 1

Computing Vina grid ... done.
Performing docking (random seed: 1397279663) ... 
0%   10   20   30   40   50   60   70   80   90   100%
|----|----|----|----|----|----|----|----|----|----|
***************************************************

mode |   affinity | dist from best mode
     | (kcal/mol) | rmsd l.b.| rmsd u.b.
-----+------------+----------+----------
   1       -8.493          0          0
   2       -8.455     0.1023      1.499
   3       -8.375      1.971      3.203
   4       -8.265      1.796      2.641
   5        -8.22      3.934      7.966
   6       -7.955      2.141      3.207
   7       -7.894      3.583        8.2
   8        -7.85       2.22      2.794
   9       -7.672      3.006      4.114
  10       -7.527      3.277      5.247
