AutoDock Vina v1.2.7
#################################################################
# If you used AutoDock Vina in your work, please cite:          #
#                                                               #
# J. Eberhardt, D. Santos-Martins, A. F. Tillack, and S. Forli  #
# AutoDock Vina 1.2.0: New Docking Methods, Expanded Force      #
# Field, and Python Bindings, J. Chem. Inf. Model. (2021)       #
# DOI 10.1021/acs.jcim.1c00203                                  #
#                                                               #
# O. Trott, A. J. Olson,                                        #
# AutoDock Vina: improving the speed and accuracy of docking    #
# with a new scoring function, efficient optimization and       #
# multithreading, J. Comp. Chem. (2010)                         #
# DOI 10.1002/jcc.21334                                         #
#                                                               #
# Please see https://github.com/ccsb-scripps/AutoDock-Vina for  #
# more information.                                             #
#################################################################

Scoring function : vina
Rigid receptor: receptors/9CRV_receptor.pdbqt
Ligand: ligands_pdbqt/TRN_CHEMBL332893.pdbqt
Grid center: X 100.672 Y 122.104 Z 144.339
Grid size  : X 25 Y 25 Z 25
Grid space : 0.375
Exhaustiveness: 16
CPU: 0
Verbosity: 1

Computing Vina grid ... done.
Performing docking (random seed: -1537320350) ... 
0%   10   20   30   40   50   60   70   80   90   100%
|----|----|----|----|----|----|----|----|----|----|
***************************************************

mode |   affinity | dist from best mode
     | (kcal/mol) | rmsd l.b.| rmsd u.b.
-----+------------+----------+----------
   1       -9.597          0          0
   2       -8.459      2.136      4.443
   3       -8.061      4.418      5.899
   4       -7.952      2.093      7.238
   5       -7.798      4.061      9.147
   6       -7.745       2.38      5.572
   7       -7.698      2.513       7.02
   8        -7.65      2.964      7.275
   9       -7.607      4.764      7.119
  10       -7.584      3.912      9.064
