AutoDock Vina v1.2.7
#################################################################
# If you used AutoDock Vina in your work, please cite:          #
#                                                               #
# J. Eberhardt, D. Santos-Martins, A. F. Tillack, and S. Forli  #
# AutoDock Vina 1.2.0: New Docking Methods, Expanded Force      #
# Field, and Python Bindings, J. Chem. Inf. Model. (2021)       #
# DOI 10.1021/acs.jcim.1c00203                                  #
#                                                               #
# O. Trott, A. J. Olson,                                        #
# AutoDock Vina: improving the speed and accuracy of docking    #
# with a new scoring function, efficient optimization and       #
# multithreading, J. Comp. Chem. (2010)                         #
# DOI 10.1002/jcc.21334                                         #
#                                                               #
# Please see https://github.com/ccsb-scripps/AutoDock-Vina for  #
# more information.                                             #
#################################################################

Scoring function : vina
Rigid receptor: receptors/9CT0_receptor.pdbqt
Ligand: ligands_pdbqt/F3_CHEMBL428687.pdbqt
Grid center: X 136.741 Y 97.76 Z 134.183
Grid size  : X 25 Y 25 Z 25
Grid space : 0.375
Exhaustiveness: 16
CPU: 0
Verbosity: 1

Computing Vina grid ... done.
Performing docking (random seed: 301550885) ... 
0%   10   20   30   40   50   60   70   80   90   100%
|----|----|----|----|----|----|----|----|----|----|
***************************************************

mode |   affinity | dist from best mode
     | (kcal/mol) | rmsd l.b.| rmsd u.b.
-----+------------+----------+----------
   1       -8.876          0          0
   2       -8.627      2.895       4.02
   3        -8.42      3.002      8.628
   4       -8.403      1.722      3.128
   5       -7.823      2.703      4.127
   6       -7.589      2.785       3.75
   7        -7.49      2.862      4.952
   8        -7.09      3.322      8.877
   9       -7.065      2.999      5.107
  10       -6.974      3.997      6.132
