AutoDock Vina v1.2.7
#################################################################
# If you used AutoDock Vina in your work, please cite:          #
#                                                               #
# J. Eberhardt, D. Santos-Martins, A. F. Tillack, and S. Forli  #
# AutoDock Vina 1.2.0: New Docking Methods, Expanded Force      #
# Field, and Python Bindings, J. Chem. Inf. Model. (2021)       #
# DOI 10.1021/acs.jcim.1c00203                                  #
#                                                               #
# O. Trott, A. J. Olson,                                        #
# AutoDock Vina: improving the speed and accuracy of docking    #
# with a new scoring function, efficient optimization and       #
# multithreading, J. Comp. Chem. (2010)                         #
# DOI 10.1002/jcc.21334                                         #
#                                                               #
# Please see https://github.com/ccsb-scripps/AutoDock-Vina for  #
# more information.                                             #
#################################################################

Scoring function : vina
Rigid receptor: receptors/9CT0_receptor.pdbqt
Ligand: ligands_pdbqt/TRN_CHEMBL179474.pdbqt
Grid center: X 136.741 Y 97.76 Z 134.183
Grid size  : X 25 Y 25 Z 25
Grid space : 0.375
Exhaustiveness: 16
CPU: 0
Verbosity: 1

Computing Vina grid ... done.
Performing docking (random seed: -1812746361) ... 
0%   10   20   30   40   50   60   70   80   90   100%
|----|----|----|----|----|----|----|----|----|----|
***************************************************

mode |   affinity | dist from best mode
     | (kcal/mol) | rmsd l.b.| rmsd u.b.
-----+------------+----------+----------
   1       -9.314          0          0
   2       -9.233     0.8025      1.391
   3       -8.337       1.28      1.811
   4       -8.179      3.031      8.347
   5        -8.06       2.33      4.715
   6       -8.027      3.346       7.78
   7       -7.736      1.779      2.293
   8       -7.658      2.843      5.517
   9       -7.591      3.684      9.007
  10        -7.57      3.557      8.134
